<?xml version="1.0" encoding="UTF-8" ?>
<testsuite tests="6" failures="6" name="OrderRepoTest" time="0.001" errors="0" skipped="0">
  <properties>
[...]
</properties>
  <testcase classname="OrderRepoTest" name="OrderRepoTest.testUpdateOrder" time="0">
    <failure message="Cannot invoke &quot;org.lg.Repository.OrderRepo.findByOrderId(String)&quot; because &quot;OrderRepoTest.orderRepo&quot; is null" type="java.lang.NullPointerException">java.lang.NullPointerException: Cannot invoke &quot;org.lg.Repository.OrderRepo.findByOrderId(String)&quot; because &quot;OrderRepoTest.orderRepo&quot; is null
	at OrderRepoTest.testUpdateOrder(OrderRepoTest.java:82)
</failure>
  </testcase>
  <testcase classname="OrderRepoTest" name="OrderRepoTest.testDeleteOrder" time="0">
    <failure message="Cannot invoke &quot;org.lg.Repository.OrderRepo.deleteOrder(String)&quot; because &quot;OrderRepoTest.orderRepo&quot; is null" type="java.lang.NullPointerException">java.lang.NullPointerException: Cannot invoke &quot;org.lg.Repository.OrderRepo.deleteOrder(String)&quot; because &quot;OrderRepoTest.orderRepo&quot; is null
	at OrderRepoTest.testDeleteOrder(OrderRepoTest.java:93)
</failure>
  </testcase>
  <testcase classname="OrderRepoTest" name="OrderRepoTest.testGetAllOrder" time="0">
    <failure message="Cannot invoke &quot;org.lg.Repository.OrderRepo.getAllOrder()&quot; because &quot;OrderRepoTest.orderRepo&quot; is null" type="java.lang.NullPointerException">java.lang.NullPointerException: Cannot invoke &quot;org.lg.Repository.OrderRepo.getAllOrder()&quot; because &quot;OrderRepoTest.orderRepo&quot; is null
	at OrderRepoTest.testGetAllOrder(OrderRepoTest.java:64)
</failure>
  </testcase>
  <testcase classname="OrderRepoTest" name="OrderRepoTest.testFindByOrderId" time="0">
    <failure message="Cannot invoke &quot;org.lg.Repository.OrderRepo.findByOrderId(String)&quot; because &quot;OrderRepoTest.orderRepo&quot; is null" type="java.lang.NullPointerException">java.lang.NullPointerException: Cannot invoke &quot;org.lg.Repository.OrderRepo.findByOrderId(String)&quot; because &quot;OrderRepoTest.orderRepo&quot; is null
	at OrderRepoTest.testFindByOrderId(OrderRepoTest.java:55)
</failure>
  </testcase>
  <testcase classname="OrderRepoTest" name="OrderRepoTest.testDoCheckOut" time="0.001">
    <failure message="Cannot invoke &quot;org.lg.Repository.ClientRepo.addClient(org.lg.Model.Client)&quot; because &quot;OrderRepoTest.clientRepo&quot; is null" type="java.lang.NullPointerException">java.lang.NullPointerException: Cannot invoke &quot;org.lg.Repository.ClientRepo.addClient(org.lg.Model.Client)&quot; because &quot;OrderRepoTest.clientRepo&quot; is null
	at OrderRepoTest.testDoCheckOut(OrderRepoTest.java:32)
</failure>
  </testcase>
  <testcase classname="OrderRepoTest" name="OrderRepoTest.testIsAbleToCheckOut" time="0">
    <failure message="Cannot invoke &quot;org.lg.Repository.OrderRepo.findByOrderId(String)&quot; because &quot;OrderRepoTest.orderRepo&quot; is null" type="java.lang.NullPointerException">java.lang.NullPointerException: Cannot invoke &quot;org.lg.Repository.OrderRepo.findByOrderId(String)&quot; because &quot;OrderRepoTest.orderRepo&quot; is null
	at OrderRepoTest.testIsAbleToCheckOut(OrderRepoTest.java:72)
</failure>
  </testcase>
</testsuite>